{
  "RSpec": {
    "coverage": {
      "/Users/anselmbradford/Projects/ohanakapa-ruby/lib/ohanakapa.rb": [
        null,
        1,
        1,
        1,
        null,
        1,
        1,
        1,
        null,
        null,
        null,
        null,
        1,
        4,
        null,
        null,
        null,
        1,
        0,
        0,
        null,
        null,
        1,
        2,
        null,
        null,
        null,
        null
      ],
      "/Users/anselmbradford/Projects/ohanakapa-ruby/lib/ohanakapa/configuration.rb": [
        1,
        1,
        null,
        1,
        1,
        1,
        null,
        null,
        null,
        null,
        null,
        null,
        null,
        null,
        null,
        null,
        null,
        null,
        null,
        null,
        null,
        null,
        null,
        null,
        1,
        1,
        1,
        1,
        1,
        null,
        1,
        null,
        1,
        1,
        null,
        null,
        1,
        0,
        null,
        null,
        1,
        198,
        null,
        null,
        1,
        6,
        null,
        null,
        1,
        0,
        null,
        null,
        1,
        0,
        null,
        null,
        1,
        6,
        6,
        6,
        6,
        6,
        6,
        6,
        6,
        6,
        6,
        6,
        6,
        6,
        null,
        null,
        null
      ],
      "/Users/anselmbradford/Projects/ohanakapa-ruby/lib/ohanakapa/error.rb": [
        1,
        null,
        1,
        1,
        2,
        2,
        null,
        null,
        1,
        null,
        0,
        0,
        0,
        null,
        0,
        null,
        null,
        0,
        0,
        null,
        null,
        1,
        null,
        1,
        2,
        null,
        0,
        0,
        null,
        0,
        null,
        0,
        0,
        null,
        0,
        null,
        null,
        null,
        null,
        1,
        null,
        null,
        1,
        null,
        null,
        1,
        null,
        null,
        1,
        null,
        null,
        1,
        null,
        null,
        1,
        null,
        null,
        1,
        null,
        null,
        1,
        null,
        null,
        1,
        null,
        null,
        1,
        null
      ],
      "/Users/anselmbradford/Projects/ohanakapa-ruby/lib/ohanakapa/client.rb": [
        1,
        1,
        1,
        null,
        1,
        1,
        1,
        null,
        1,
        1,
        1,
        null,
        1,
        11,
        11,
        187,
        null,
        null,
        11,
        null,
        null,
        1,
        1,
        1,
        null,
        1,
        1,
        1,
        null,
        null,
        null
      ],
      "/Users/anselmbradford/Projects/ohanakapa-ruby/lib/ohanakapa/authentication.rb": [
        1,
        1,
        1,
        14,
        0,
        null,
        14,
        null,
        null,
        null,
        1,
        14,
        null,
        null,
        1,
        7,
        null,
        null,
        1,
        7,
        null,
        null,
        1,
        null,
        null,
        null,
        0,
        null,
        null,
        1,
        11,
        null,
        0,
        null,
        0,
        null,
        0,
        null,
        0,
        0,
        0,
        0,
        null,
        null,
        null
      ],
      "/Users/anselmbradford/Projects/ohanakapa-ruby/lib/ohanakapa/connection.rb": [
        1,
        1,
        null,
        1,
        null,
        1,
        1,
        null,
        1,
        7,
        null,
        null,
        null,
        null,
        null,
        7,
        0,
        null,
        null,
        7,
        0,
        null,
        null,
        null,
        7,
        null,
        7,
        0,
        null,
        7,
        null,
        null,
        7,
        7,
        7,
        null,
        7,
        null,
        7,
        null,
        7,
        null,
        null,
        7,
        0,
        null,
        null,
        7,
        null,
        7,
        null,
        null,
        null
      ],
      "/Users/anselmbradford/Projects/ohanakapa-ruby/lib/faraday/response/raise_ohanakapa_error.rb": [
        1,
        1,
        1,
        null,
        null,
        1,
        1,
        1,
        null,
        null,
        null,
        null,
        null,
        null,
        null,
        null,
        null,
        null,
        null,
        null,
        1,
        7,
        7,
        null,
        null,
        null
      ],
      "/Users/anselmbradford/Projects/ohanakapa-ruby/lib/ohanakapa/request.rb": [
        1,
        null,
        1,
        1,
        null,
        1,
        0,
        null,
        null,
        1,
        7,
        7,
        null,
        7,
        0,
        0,
        0,
        null,
        null,
        null,
        7,
        null,
        null,
        1,
        0,
        null,
        null,
        1,
        0,
        null,
        null,
        1,
        0,
        null,
        null,
        1,
        null,
        null,
        null,
        null,
        1,
        0,
        null,
        0,
        null,
        null,
        1,
        null,
        null,
        7,
        null,
        null,
        null,
        7,
        null,
        7,
        null,
        7,
        null,
        null,
        null,
        null,
        null,
        7,
        null,
        7,
        null,
        7,
        0,
        null,
        null,
        7,
        null,
        7,
        0,
        null,
        7,
        7,
        null,
        0,
        null,
        0,
        0,
        0,
        null,
        0,
        null,
        null,
        null,
        7,
        0,
        null,
        null,
        null,
        null,
        7,
        null,
        null,
        1,
        0,
        0,
        0,
        null,
        null,
        0,
        null,
        null,
        null,
        null
      ],
      "/Users/anselmbradford/Projects/ohanakapa-ruby/lib/ohanakapa/client/organizations.rb": [
        1,
        1,
        1,
        null,
        null,
        null,
        null,
        null,
        null,
        null,
        null,
        1,
        1,
        null,
        1,
        null,
        null,
        null,
        null,
        null,
        null,
        null,
        null,
        null,
        1,
        3,
        3,
        null,
        3,
        1,
        2,
        2,
        0,
        0,
        null,
        null,
        null,
        1,
        null,
        null,
        null,
        null
      ],
      "/Users/anselmbradford/Projects/ohanakapa-ruby/lib/ohanakapa/client/query.rb": [
        1,
        1,
        1,
        null,
        null,
        null,
        null,
        1,
        6,
        3,
        null,
        null,
        null,
        null,
        null
      ],
      "/Users/anselmbradford/Projects/ohanakapa-ruby/lib/ohanakapa/client/rate_limit.rb": [
        1,
        1,
        1,
        null,
        1,
        0,
        0,
        null,
        1,
        null,
        1,
        0,
        0,
        null,
        1,
        null,
        null,
        null,
        null
      ],
      "/Users/anselmbradford/Projects/ohanakapa-ruby/spec/lib/ohanakapa/client/query_spec.rb": [
        1,
        1,
        null,
        1,
        null,
        1,
        3,
        null,
        null,
        1,
        null,
        1,
        null,
        1,
        null,
        1,
        1,
        1,
        null,
        null,
        1,
        null,
        1,
        null,
        1,
        1,
        1,
        null,
        null,
        1,
        null,
        1,
        null,
        1,
        1,
        1,
        null,
        null,
        null,
        null,
        null,
        null,
        null,
        null,
        null,
        null,
        null,
        null,
        null,
        null,
        null
      ],
      "/Users/anselmbradford/Projects/ohanakapa-ruby/spec/lib/ohanakapa/client_spec.rb": [
        1,
        1,
        1,
        null,
        1,
        null,
        1,
        null,
        1,
        null,
        null,
        null,
        1,
        null,
        1,
        null,
        1,
        null,
        2,
        null,
        null,
        1,
        null,
        null,
        null,
        null,
        null,
        null,
        null,
        null,
        null,
        null,
        null,
        null,
        null,
        null
      ],
      "/Users/anselmbradford/Projects/ohanakapa-ruby/spec/lib/ohanakapa_spec.rb": [
        1,
        1,
        null,
        1,
        3,
        null,
        null,
        1,
        1,
        null,
        null,
        1,
        1,
        1,
        null,
        null,
        null,
        1,
        1,
        1,
        null,
        null,
        null,
        null
      ]
    },
    "timestamp": 1370745298
  }
}
